2024-09-03 10:17:51.5159 Error Error has been raised. Exception: NLog.NLogConfigurationException: Failed to create Target with unknown type-alias: 'Database' - Extension NLog.Database not included?
   at NLog.Config.FactoryExtensions.CreateInstance[TBaseType](IFactory`1 factory, String typeAlias)
   at NLog.Config.LoggingConfigurationParser.FactoryCreateInstance[T](String typeName, IFactory`1 factory)
2024-09-03 10:17:51.5945 Error Exception when loading configuration C:\Repos\SelfProjectApi\SelfProjectApi\bin\Production\net8.0\nlog.config Exception: NLog.NLogConfigurationException: Failed to create Target with unknown type-alias: 'Database' - Extension NLog.Database not included?
   at NLog.Config.FactoryExtensions.CreateInstance[TBaseType](IFactory`1 factory, String typeAlias)
   at NLog.Config.LoggingConfigurationParser.FactoryCreateInstance[T](String typeName, IFactory`1 factory)
   at NLog.Config.LoggingConfigurationParser.CreateTargetType(String targetTypeName)
   at NLog.Config.LoggingConfigurationParser.AddNewTargetFromConfig(String targetTypeName, ValidatedConfigurationElement targetElement, Boolean asyncWrap, Dictionary`2 typeNameToDefaultTargetParameters, ValidatedConfigurationElement defaultWrapperElement)
   at NLog.Config.LoggingConfigurationParser.ParseTargetsElement(ValidatedConfigurationElement targetsElement)
   at NLog.Config.LoggingConfigurationParser.ParseNLogSection(ILoggingConfigurationElement configSection)
   at NLog.Config.XmlLoggingConfiguration.ParseNLogSection(ILoggingConfigurationElement configSection)
   at NLog.Config.LoggingConfigurationParser.LoadConfig(ILoggingConfigurationElement nlogConfig, String basePath)
   at NLog.Config.XmlLoggingConfiguration.ParseNLogElement(ILoggingConfigurationElement nlogElement, String filePath, Boolean autoReloadDefault)
   at NLog.Config.XmlLoggingConfiguration.ParseTopLevel(XmlLoggingConfigurationElement content, String filePath, Boolean autoReloadDefault)
   at NLog.Config.XmlLoggingConfiguration.Initialize(XmlReader reader, String fileName, Boolean ignoreErrors)
2024-09-03 10:17:51.5945 Error Error has been raised. Exception: NLog.NLogConfigurationException: Exception when loading configuration C:\Repos\SelfProjectApi\SelfProjectApi\bin\Production\net8.0\nlog.config
 ---> NLog.NLogConfigurationException: Failed to create Target with unknown type-alias: 'Database' - Extension NLog.Database not included?
   at NLog.Config.FactoryExtensions.CreateInstance[TBaseType](IFactory`1 factory, String typeAlias)
   at NLog.Config.LoggingConfigurationParser.FactoryCreateInstance[T](String typeName, IFactory`1 factory)
   at NLog.Config.LoggingConfigurationParser.CreateTargetType(String targetTypeName)
   at NLog.Config.LoggingConfigurationParser.AddNewTargetFromConfig(String targetTypeName, ValidatedConfigurationElement targetElement, Boolean asyncWrap, Dictionary`2 typeNameToDefaultTargetParameters, ValidatedConfigurationElement defaultWrapperElement)
   at NLog.Config.LoggingConfigurationParser.ParseTargetsElement(ValidatedConfigurationElement targetsElement)
   at NLog.Config.LoggingConfigurationParser.ParseNLogSection(ILoggingConfigurationElement configSection)
   at NLog.Config.XmlLoggingConfiguration.ParseNLogSection(ILoggingConfigurationElement configSection)
   at NLog.Config.LoggingConfigurationParser.LoadConfig(ILoggingConfigurationElement nlogConfig, String basePath)
   at NLog.Config.XmlLoggingConfiguration.ParseNLogElement(ILoggingConfigurationElement nlogElement, String filePath, Boolean autoReloadDefault)
   at NLog.Config.XmlLoggingConfiguration.ParseTopLevel(XmlLoggingConfigurationElement content, String filePath, Boolean autoReloadDefault)
   at NLog.Config.XmlLoggingConfiguration.Initialize(XmlReader reader, String fileName, Boolean ignoreErrors)
   --- End of inner exception stack trace ---
   at NLog.Config.XmlLoggingConfiguration.Initialize(XmlReader reader, String fileName, Boolean ignoreErrors)
   at NLog.Config.XmlLoggingConfiguration..ctor(XmlReader reader, String fileName, LogFactory logFactory)
   at NLog.Config.LoggingConfigurationFileLoader.LoadXmlLoggingConfiguration(XmlReader xmlReader, String configFile, LogFactory logFactory)
2024-09-03 10:17:51.5945 Error Failed loading from config file location: C:\Repos\SelfProjectApi\SelfProjectApi\bin\Production\net8.0\nlog.config Exception: NLog.NLogConfigurationException: Exception when loading configuration C:\Repos\SelfProjectApi\SelfProjectApi\bin\Production\net8.0\nlog.config
 ---> NLog.NLogConfigurationException: Failed to create Target with unknown type-alias: 'Database' - Extension NLog.Database not included?
   at NLog.Config.FactoryExtensions.CreateInstance[TBaseType](IFactory`1 factory, String typeAlias)
   at NLog.Config.LoggingConfigurationParser.FactoryCreateInstance[T](String typeName, IFactory`1 factory)
   at NLog.Config.LoggingConfigurationParser.CreateTargetType(String targetTypeName)
   at NLog.Config.LoggingConfigurationParser.AddNewTargetFromConfig(String targetTypeName, ValidatedConfigurationElement targetElement, Boolean asyncWrap, Dictionary`2 typeNameToDefaultTargetParameters, ValidatedConfigurationElement defaultWrapperElement)
   at NLog.Config.LoggingConfigurationParser.ParseTargetsElement(ValidatedConfigurationElement targetsElement)
   at NLog.Config.LoggingConfigurationParser.ParseNLogSection(ILoggingConfigurationElement configSection)
   at NLog.Config.XmlLoggingConfiguration.ParseNLogSection(ILoggingConfigurationElement configSection)
   at NLog.Config.LoggingConfigurationParser.LoadConfig(ILoggingConfigurationElement nlogConfig, String basePath)
   at NLog.Config.XmlLoggingConfiguration.ParseNLogElement(ILoggingConfigurationElement nlogElement, String filePath, Boolean autoReloadDefault)
   at NLog.Config.XmlLoggingConfiguration.ParseTopLevel(XmlLoggingConfigurationElement content, String filePath, Boolean autoReloadDefault)
   at NLog.Config.XmlLoggingConfiguration.Initialize(XmlReader reader, String fileName, Boolean ignoreErrors)
   --- End of inner exception stack trace ---
   at NLog.Config.XmlLoggingConfiguration.Initialize(XmlReader reader, String fileName, Boolean ignoreErrors)
   at NLog.Config.XmlLoggingConfiguration..ctor(XmlReader reader, String fileName, LogFactory logFactory)
   at NLog.Config.LoggingConfigurationFileLoader.LoadXmlLoggingConfiguration(XmlReader xmlReader, String configFile, LogFactory logFactory)
   at NLog.Config.LoggingConfigurationFileLoader.LoadXmlLoggingConfigurationFile(LogFactory logFactory, String configFile)
   at NLog.Config.LoggingConfigurationFileLoader.TryLoadLoggingConfiguration(LogFactory logFactory, String configFile, LoggingConfiguration& config)
2024-09-03 10:19:29.5605 Error Error has been raised. Exception: NLog.NLogConfigurationException: Failed to create Target with unknown type-alias: 'Database' - Extension NLog.Database not included?
   at NLog.Config.FactoryExtensions.CreateInstance[TBaseType](IFactory`1 factory, String typeAlias)
   at NLog.Config.LoggingConfigurationParser.FactoryCreateInstance[T](String typeName, IFactory`1 factory)
2024-09-03 10:19:29.6259 Error Exception when loading configuration C:\Repos\SelfProjectApi\SelfProjectApi\bin\Production\net8.0\NLog.config Exception: NLog.NLogConfigurationException: Failed to create Target with unknown type-alias: 'Database' - Extension NLog.Database not included?
   at NLog.Config.FactoryExtensions.CreateInstance[TBaseType](IFactory`1 factory, String typeAlias)
   at NLog.Config.LoggingConfigurationParser.FactoryCreateInstance[T](String typeName, IFactory`1 factory)
   at NLog.Config.LoggingConfigurationParser.CreateTargetType(String targetTypeName)
   at NLog.Config.LoggingConfigurationParser.AddNewTargetFromConfig(String targetTypeName, ValidatedConfigurationElement targetElement, Boolean asyncWrap, Dictionary`2 typeNameToDefaultTargetParameters, ValidatedConfigurationElement defaultWrapperElement)
   at NLog.Config.LoggingConfigurationParser.ParseTargetsElement(ValidatedConfigurationElement targetsElement)
   at NLog.Config.LoggingConfigurationParser.ParseNLogSection(ILoggingConfigurationElement configSection)
   at NLog.Config.XmlLoggingConfiguration.ParseNLogSection(ILoggingConfigurationElement configSection)
   at NLog.Config.LoggingConfigurationParser.LoadConfig(ILoggingConfigurationElement nlogConfig, String basePath)
   at NLog.Config.XmlLoggingConfiguration.ParseNLogElement(ILoggingConfigurationElement nlogElement, String filePath, Boolean autoReloadDefault)
   at NLog.Config.XmlLoggingConfiguration.ParseTopLevel(XmlLoggingConfigurationElement content, String filePath, Boolean autoReloadDefault)
   at NLog.Config.XmlLoggingConfiguration.Initialize(XmlReader reader, String fileName, Boolean ignoreErrors)
2024-09-03 10:19:29.6259 Error Error has been raised. Exception: NLog.NLogConfigurationException: Exception when loading configuration C:\Repos\SelfProjectApi\SelfProjectApi\bin\Production\net8.0\NLog.config
 ---> NLog.NLogConfigurationException: Failed to create Target with unknown type-alias: 'Database' - Extension NLog.Database not included?
   at NLog.Config.FactoryExtensions.CreateInstance[TBaseType](IFactory`1 factory, String typeAlias)
   at NLog.Config.LoggingConfigurationParser.FactoryCreateInstance[T](String typeName, IFactory`1 factory)
   at NLog.Config.LoggingConfigurationParser.CreateTargetType(String targetTypeName)
   at NLog.Config.LoggingConfigurationParser.AddNewTargetFromConfig(String targetTypeName, ValidatedConfigurationElement targetElement, Boolean asyncWrap, Dictionary`2 typeNameToDefaultTargetParameters, ValidatedConfigurationElement defaultWrapperElement)
   at NLog.Config.LoggingConfigurationParser.ParseTargetsElement(ValidatedConfigurationElement targetsElement)
   at NLog.Config.LoggingConfigurationParser.ParseNLogSection(ILoggingConfigurationElement configSection)
   at NLog.Config.XmlLoggingConfiguration.ParseNLogSection(ILoggingConfigurationElement configSection)
   at NLog.Config.LoggingConfigurationParser.LoadConfig(ILoggingConfigurationElement nlogConfig, String basePath)
   at NLog.Config.XmlLoggingConfiguration.ParseNLogElement(ILoggingConfigurationElement nlogElement, String filePath, Boolean autoReloadDefault)
   at NLog.Config.XmlLoggingConfiguration.ParseTopLevel(XmlLoggingConfigurationElement content, String filePath, Boolean autoReloadDefault)
   at NLog.Config.XmlLoggingConfiguration.Initialize(XmlReader reader, String fileName, Boolean ignoreErrors)
   --- End of inner exception stack trace ---
   at NLog.Config.XmlLoggingConfiguration.Initialize(XmlReader reader, String fileName, Boolean ignoreErrors)
   at NLog.Config.XmlLoggingConfiguration..ctor(XmlReader reader, String fileName, LogFactory logFactory)
   at NLog.Config.LoggingConfigurationFileLoader.LoadXmlLoggingConfiguration(XmlReader xmlReader, String configFile, LogFactory logFactory)
2024-09-03 10:19:29.6259 Error Failed loading from config file location: C:\Repos\SelfProjectApi\SelfProjectApi\bin\Production\net8.0\NLog.config Exception: NLog.NLogConfigurationException: Exception when loading configuration C:\Repos\SelfProjectApi\SelfProjectApi\bin\Production\net8.0\NLog.config
 ---> NLog.NLogConfigurationException: Failed to create Target with unknown type-alias: 'Database' - Extension NLog.Database not included?
   at NLog.Config.FactoryExtensions.CreateInstance[TBaseType](IFactory`1 factory, String typeAlias)
   at NLog.Config.LoggingConfigurationParser.FactoryCreateInstance[T](String typeName, IFactory`1 factory)
   at NLog.Config.LoggingConfigurationParser.CreateTargetType(String targetTypeName)
   at NLog.Config.LoggingConfigurationParser.AddNewTargetFromConfig(String targetTypeName, ValidatedConfigurationElement targetElement, Boolean asyncWrap, Dictionary`2 typeNameToDefaultTargetParameters, ValidatedConfigurationElement defaultWrapperElement)
   at NLog.Config.LoggingConfigurationParser.ParseTargetsElement(ValidatedConfigurationElement targetsElement)
   at NLog.Config.LoggingConfigurationParser.ParseNLogSection(ILoggingConfigurationElement configSection)
   at NLog.Config.XmlLoggingConfiguration.ParseNLogSection(ILoggingConfigurationElement configSection)
   at NLog.Config.LoggingConfigurationParser.LoadConfig(ILoggingConfigurationElement nlogConfig, String basePath)
   at NLog.Config.XmlLoggingConfiguration.ParseNLogElement(ILoggingConfigurationElement nlogElement, String filePath, Boolean autoReloadDefault)
   at NLog.Config.XmlLoggingConfiguration.ParseTopLevel(XmlLoggingConfigurationElement content, String filePath, Boolean autoReloadDefault)
   at NLog.Config.XmlLoggingConfiguration.Initialize(XmlReader reader, String fileName, Boolean ignoreErrors)
   --- End of inner exception stack trace ---
   at NLog.Config.XmlLoggingConfiguration.Initialize(XmlReader reader, String fileName, Boolean ignoreErrors)
   at NLog.Config.XmlLoggingConfiguration..ctor(XmlReader reader, String fileName, LogFactory logFactory)
   at NLog.Config.LoggingConfigurationFileLoader.LoadXmlLoggingConfiguration(XmlReader xmlReader, String configFile, LogFactory logFactory)
   at NLog.Config.LoggingConfigurationFileLoader.LoadXmlLoggingConfigurationFile(LogFactory logFactory, String configFile)
   at NLog.Config.LoggingConfigurationFileLoader.TryLoadLoggingConfiguration(LogFactory logFactory, String configFile, LoggingConfiguration& config)
2024-09-03 10:20:19.5328 Error Error has been raised. Exception: NLog.NLogConfigurationException: Failed to create LayoutRenderer with unknown type-alias: 'configsettings' - Verify type-alias and check extension is included.
   at NLog.Config.FactoryExtensions.CreateInstance[TBaseType](IFactory`1 factory, String typeAlias)
   at NLog.Layouts.LayoutParser.GetLayoutRenderer(String typeName, ConfigurationItemFactory configurationItemFactory, Nullable`1 throwConfigExceptions)
2024-09-03 10:20:19.6007 Error Error has been raised. Exception: NLog.NLogConfigurationException: 'DatabaseTarget' cannot assign property 'ConnectionString'='${configsettings:name=ConnectionString.LoggingDataBase}'. Error: Failed to create LayoutRenderer with unknown type-alias: 'configsettings' - Verify type-alias and check extension is included.
 ---> NLog.NLogConfigurationException: Failed to create LayoutRenderer with unknown type-alias: 'configsettings' - Verify type-alias and check extension is included.
   at NLog.Config.FactoryExtensions.CreateInstance[TBaseType](IFactory`1 factory, String typeAlias)
   at NLog.Layouts.LayoutParser.GetLayoutRenderer(String typeName, ConfigurationItemFactory configurationItemFactory, Nullable`1 throwConfigExceptions)
   at NLog.Layouts.LayoutParser.ParseLayoutRenderer(ConfigurationItemFactory configurationItemFactory, SimpleStringReader stringReader, Nullable`1 throwConfigExceptions)
   at NLog.Layouts.LayoutParser.CompileLayout(ConfigurationItemFactory configurationItemFactory, SimpleStringReader sr, Nullable`1 throwConfigExceptions, Boolean isNested, String& text)
   at NLog.Layouts.LayoutParser.CompileLayout(String value, ConfigurationItemFactory configurationItemFactory, Nullable`1 throwConfigExceptions, String& text)
   at NLog.Layouts.SimpleLayout.SetLayoutText(String value, Nullable`1 throwConfigExceptions)
   at NLog.Layouts.SimpleLayout..ctor(String txt, ConfigurationItemFactory configurationItemFactory, Nullable`1 throwConfigExceptions)
   at NLog.Layouts.SimpleLayout..ctor(String txt, ConfigurationItemFactory configurationItemFactory)
   at NLog.Internal.PropertyHelper.TryParseLayoutValue(String stringValue, ConfigurationItemFactory configurationItemFactory)
   at NLog.Internal.PropertyHelper.TryNLogSpecificConversion(Type propertyType, String value, ConfigurationItemFactory configurationItemFactory, Object& newValue)
   at NLog.Internal.PropertyHelper.SetPropertyFromString(Object targetObject, PropertyInfo propInfo, String stringValue, ConfigurationItemFactory configurationItemFactory)
   --- End of inner exception stack trace ---
   at NLog.Internal.PropertyHelper.SetPropertyFromString(Object targetObject, PropertyInfo propInfo, String stringValue, ConfigurationItemFactory configurationItemFactory)
   at NLog.Config.LoggingConfigurationParser.SetPropertyValueFromString[T](T targetObject, String propertyName, String propertyValue, ValidatedConfigurationElement element)
2024-09-03 10:20:19.6007 Error Exception when loading configuration C:\Repos\SelfProjectApi\SelfProjectApi\bin\Production\net8.0\nlog.config Exception: NLog.NLogConfigurationException: 'DatabaseTarget' cannot assign property 'ConnectionString'='${configsettings:name=ConnectionString.LoggingDataBase}'. Error: Failed to create LayoutRenderer with unknown type-alias: 'configsettings' - Verify type-alias and check extension is included.
 ---> NLog.NLogConfigurationException: Failed to create LayoutRenderer with unknown type-alias: 'configsettings' - Verify type-alias and check extension is included.
   at NLog.Config.FactoryExtensions.CreateInstance[TBaseType](IFactory`1 factory, String typeAlias)
   at NLog.Layouts.LayoutParser.GetLayoutRenderer(String typeName, ConfigurationItemFactory configurationItemFactory, Nullable`1 throwConfigExceptions)
   at NLog.Layouts.LayoutParser.ParseLayoutRenderer(ConfigurationItemFactory configurationItemFactory, SimpleStringReader stringReader, Nullable`1 throwConfigExceptions)
   at NLog.Layouts.LayoutParser.CompileLayout(ConfigurationItemFactory configurationItemFactory, SimpleStringReader sr, Nullable`1 throwConfigExceptions, Boolean isNested, String& text)
   at NLog.Layouts.LayoutParser.CompileLayout(String value, ConfigurationItemFactory configurationItemFactory, Nullable`1 throwConfigExceptions, String& text)
   at NLog.Layouts.SimpleLayout.SetLayoutText(String value, Nullable`1 throwConfigExceptions)
   at NLog.Layouts.SimpleLayout..ctor(String txt, ConfigurationItemFactory configurationItemFactory, Nullable`1 throwConfigExceptions)
   at NLog.Layouts.SimpleLayout..ctor(String txt, ConfigurationItemFactory configurationItemFactory)
   at NLog.Internal.PropertyHelper.TryParseLayoutValue(String stringValue, ConfigurationItemFactory configurationItemFactory)
   at NLog.Internal.PropertyHelper.TryNLogSpecificConversion(Type propertyType, String value, ConfigurationItemFactory configurationItemFactory, Object& newValue)
   at NLog.Internal.PropertyHelper.SetPropertyFromString(Object targetObject, PropertyInfo propInfo, String stringValue, ConfigurationItemFactory configurationItemFactory)
   --- End of inner exception stack trace ---
   at NLog.Internal.PropertyHelper.SetPropertyFromString(Object targetObject, PropertyInfo propInfo, String stringValue, ConfigurationItemFactory configurationItemFactory)
   at NLog.Config.LoggingConfigurationParser.SetPropertyValueFromString[T](T targetObject, String propertyName, String propertyValue, ValidatedConfigurationElement element)
   at NLog.Config.LoggingConfigurationParser.ConfigureObjectFromAttributes[T](T targetObject, ValidatedConfigurationElement element, Boolean ignoreType)
   at NLog.Config.LoggingConfigurationParser.ParseTargetElement(Target target, ValidatedConfigurationElement targetElement, Dictionary`2 typeNameToDefaultTargetParameters)
   at NLog.Config.LoggingConfigurationParser.AddNewTargetFromConfig(String targetTypeName, ValidatedConfigurationElement targetElement, Boolean asyncWrap, Dictionary`2 typeNameToDefaultTargetParameters, ValidatedConfigurationElement defaultWrapperElement)
   at NLog.Config.LoggingConfigurationParser.ParseTargetsElement(ValidatedConfigurationElement targetsElement)
   at NLog.Config.LoggingConfigurationParser.ParseNLogSection(ILoggingConfigurationElement configSection)
   at NLog.Config.XmlLoggingConfiguration.ParseNLogSection(ILoggingConfigurationElement configSection)
   at NLog.Config.LoggingConfigurationParser.LoadConfig(ILoggingConfigurationElement nlogConfig, String basePath)
   at NLog.Config.XmlLoggingConfiguration.ParseNLogElement(ILoggingConfigurationElement nlogElement, String filePath, Boolean autoReloadDefault)
   at NLog.Config.XmlLoggingConfiguration.ParseTopLevel(XmlLoggingConfigurationElement content, String filePath, Boolean autoReloadDefault)
   at NLog.Config.XmlLoggingConfiguration.Initialize(XmlReader reader, String fileName, Boolean ignoreErrors)
2024-09-03 10:20:19.6044 Error Error has been raised. Exception: NLog.NLogConfigurationException: Exception when loading configuration C:\Repos\SelfProjectApi\SelfProjectApi\bin\Production\net8.0\nlog.config
 ---> NLog.NLogConfigurationException: 'DatabaseTarget' cannot assign property 'ConnectionString'='${configsettings:name=ConnectionString.LoggingDataBase}'. Error: Failed to create LayoutRenderer with unknown type-alias: 'configsettings' - Verify type-alias and check extension is included.
 ---> NLog.NLogConfigurationException: Failed to create LayoutRenderer with unknown type-alias: 'configsettings' - Verify type-alias and check extension is included.
   at NLog.Config.FactoryExtensions.CreateInstance[TBaseType](IFactory`1 factory, String typeAlias)
   at NLog.Layouts.LayoutParser.GetLayoutRenderer(String typeName, ConfigurationItemFactory configurationItemFactory, Nullable`1 throwConfigExceptions)
   at NLog.Layouts.LayoutParser.ParseLayoutRenderer(ConfigurationItemFactory configurationItemFactory, SimpleStringReader stringReader, Nullable`1 throwConfigExceptions)
   at NLog.Layouts.LayoutParser.CompileLayout(ConfigurationItemFactory configurationItemFactory, SimpleStringReader sr, Nullable`1 throwConfigExceptions, Boolean isNested, String& text)
   at NLog.Layouts.LayoutParser.CompileLayout(String value, ConfigurationItemFactory configurationItemFactory, Nullable`1 throwConfigExceptions, String& text)
   at NLog.Layouts.SimpleLayout.SetLayoutText(String value, Nullable`1 throwConfigExceptions)
   at NLog.Layouts.SimpleLayout..ctor(String txt, ConfigurationItemFactory configurationItemFactory, Nullable`1 throwConfigExceptions)
   at NLog.Layouts.SimpleLayout..ctor(String txt, ConfigurationItemFactory configurationItemFactory)
   at NLog.Internal.PropertyHelper.TryParseLayoutValue(String stringValue, ConfigurationItemFactory configurationItemFactory)
   at NLog.Internal.PropertyHelper.TryNLogSpecificConversion(Type propertyType, String value, ConfigurationItemFactory configurationItemFactory, Object& newValue)
   at NLog.Internal.PropertyHelper.SetPropertyFromString(Object targetObject, PropertyInfo propInfo, String stringValue, ConfigurationItemFactory configurationItemFactory)
   --- End of inner exception stack trace ---
   at NLog.Internal.PropertyHelper.SetPropertyFromString(Object targetObject, PropertyInfo propInfo, String stringValue, ConfigurationItemFactory configurationItemFactory)
   at NLog.Config.LoggingConfigurationParser.SetPropertyValueFromString[T](T targetObject, String propertyName, String propertyValue, ValidatedConfigurationElement element)
   at NLog.Config.LoggingConfigurationParser.ConfigureObjectFromAttributes[T](T targetObject, ValidatedConfigurationElement element, Boolean ignoreType)
   at NLog.Config.LoggingConfigurationParser.ParseTargetElement(Target target, ValidatedConfigurationElement targetElement, Dictionary`2 typeNameToDefaultTargetParameters)
   at NLog.Config.LoggingConfigurationParser.AddNewTargetFromConfig(String targetTypeName, ValidatedConfigurationElement targetElement, Boolean asyncWrap, Dictionary`2 typeNameToDefaultTargetParameters, ValidatedConfigurationElement defaultWrapperElement)
   at NLog.Config.LoggingConfigurationParser.ParseTargetsElement(ValidatedConfigurationElement targetsElement)
   at NLog.Config.LoggingConfigurationParser.ParseNLogSection(ILoggingConfigurationElement configSection)
   at NLog.Config.XmlLoggingConfiguration.ParseNLogSection(ILoggingConfigurationElement configSection)
   at NLog.Config.LoggingConfigurationParser.LoadConfig(ILoggingConfigurationElement nlogConfig, String basePath)
   at NLog.Config.XmlLoggingConfiguration.ParseNLogElement(ILoggingConfigurationElement nlogElement, String filePath, Boolean autoReloadDefault)
   at NLog.Config.XmlLoggingConfiguration.ParseTopLevel(XmlLoggingConfigurationElement content, String filePath, Boolean autoReloadDefault)
   at NLog.Config.XmlLoggingConfiguration.Initialize(XmlReader reader, String fileName, Boolean ignoreErrors)
   --- End of inner exception stack trace ---
   at NLog.Config.XmlLoggingConfiguration.Initialize(XmlReader reader, String fileName, Boolean ignoreErrors)
   at NLog.Config.XmlLoggingConfiguration..ctor(XmlReader reader, String fileName, LogFactory logFactory)
   at NLog.Config.LoggingConfigurationFileLoader.LoadXmlLoggingConfiguration(XmlReader xmlReader, String configFile, LogFactory logFactory)
2024-09-03 10:20:19.6044 Error Failed loading from config file location: C:\Repos\SelfProjectApi\SelfProjectApi\bin\Production\net8.0\nlog.config Exception: NLog.NLogConfigurationException: Exception when loading configuration C:\Repos\SelfProjectApi\SelfProjectApi\bin\Production\net8.0\nlog.config
 ---> NLog.NLogConfigurationException: 'DatabaseTarget' cannot assign property 'ConnectionString'='${configsettings:name=ConnectionString.LoggingDataBase}'. Error: Failed to create LayoutRenderer with unknown type-alias: 'configsettings' - Verify type-alias and check extension is included.
 ---> NLog.NLogConfigurationException: Failed to create LayoutRenderer with unknown type-alias: 'configsettings' - Verify type-alias and check extension is included.
   at NLog.Config.FactoryExtensions.CreateInstance[TBaseType](IFactory`1 factory, String typeAlias)
   at NLog.Layouts.LayoutParser.GetLayoutRenderer(String typeName, ConfigurationItemFactory configurationItemFactory, Nullable`1 throwConfigExceptions)
   at NLog.Layouts.LayoutParser.ParseLayoutRenderer(ConfigurationItemFactory configurationItemFactory, SimpleStringReader stringReader, Nullable`1 throwConfigExceptions)
   at NLog.Layouts.LayoutParser.CompileLayout(ConfigurationItemFactory configurationItemFactory, SimpleStringReader sr, Nullable`1 throwConfigExceptions, Boolean isNested, String& text)
   at NLog.Layouts.LayoutParser.CompileLayout(String value, ConfigurationItemFactory configurationItemFactory, Nullable`1 throwConfigExceptions, String& text)
   at NLog.Layouts.SimpleLayout.SetLayoutText(String value, Nullable`1 throwConfigExceptions)
   at NLog.Layouts.SimpleLayout..ctor(String txt, ConfigurationItemFactory configurationItemFactory, Nullable`1 throwConfigExceptions)
   at NLog.Layouts.SimpleLayout..ctor(String txt, ConfigurationItemFactory configurationItemFactory)
   at NLog.Internal.PropertyHelper.TryParseLayoutValue(String stringValue, ConfigurationItemFactory configurationItemFactory)
   at NLog.Internal.PropertyHelper.TryNLogSpecificConversion(Type propertyType, String value, ConfigurationItemFactory configurationItemFactory, Object& newValue)
   at NLog.Internal.PropertyHelper.SetPropertyFromString(Object targetObject, PropertyInfo propInfo, String stringValue, ConfigurationItemFactory configurationItemFactory)
   --- End of inner exception stack trace ---
   at NLog.Internal.PropertyHelper.SetPropertyFromString(Object targetObject, PropertyInfo propInfo, String stringValue, ConfigurationItemFactory configurationItemFactory)
   at NLog.Config.LoggingConfigurationParser.SetPropertyValueFromString[T](T targetObject, String propertyName, String propertyValue, ValidatedConfigurationElement element)
   at NLog.Config.LoggingConfigurationParser.ConfigureObjectFromAttributes[T](T targetObject, ValidatedConfigurationElement element, Boolean ignoreType)
   at NLog.Config.LoggingConfigurationParser.ParseTargetElement(Target target, ValidatedConfigurationElement targetElement, Dictionary`2 typeNameToDefaultTargetParameters)
   at NLog.Config.LoggingConfigurationParser.AddNewTargetFromConfig(String targetTypeName, ValidatedConfigurationElement targetElement, Boolean asyncWrap, Dictionary`2 typeNameToDefaultTargetParameters, ValidatedConfigurationElement defaultWrapperElement)
   at NLog.Config.LoggingConfigurationParser.ParseTargetsElement(ValidatedConfigurationElement targetsElement)
   at NLog.Config.LoggingConfigurationParser.ParseNLogSection(ILoggingConfigurationElement configSection)
   at NLog.Config.XmlLoggingConfiguration.ParseNLogSection(ILoggingConfigurationElement configSection)
   at NLog.Config.LoggingConfigurationParser.LoadConfig(ILoggingConfigurationElement nlogConfig, String basePath)
   at NLog.Config.XmlLoggingConfiguration.ParseNLogElement(ILoggingConfigurationElement nlogElement, String filePath, Boolean autoReloadDefault)
   at NLog.Config.XmlLoggingConfiguration.ParseTopLevel(XmlLoggingConfigurationElement content, String filePath, Boolean autoReloadDefault)
   at NLog.Config.XmlLoggingConfiguration.Initialize(XmlReader reader, String fileName, Boolean ignoreErrors)
   --- End of inner exception stack trace ---
   at NLog.Config.XmlLoggingConfiguration.Initialize(XmlReader reader, String fileName, Boolean ignoreErrors)
   at NLog.Config.XmlLoggingConfiguration..ctor(XmlReader reader, String fileName, LogFactory logFactory)
   at NLog.Config.LoggingConfigurationFileLoader.LoadXmlLoggingConfiguration(XmlReader xmlReader, String configFile, LogFactory logFactory)
   at NLog.Config.LoggingConfigurationFileLoader.LoadXmlLoggingConfigurationFile(LogFactory logFactory, String configFile)
   at NLog.Config.LoggingConfigurationFileLoader.TryLoadLoggingConfiguration(LogFactory logFactory, String configFile, LoggingConfiguration& config)
2024-09-03 10:20:53.8911 Error Error has been raised. Exception: NLog.NLogConfigurationException: Failed to create LayoutRenderer with unknown type-alias: 'configsettings' - Verify type-alias and check extension is included.
   at NLog.Config.FactoryExtensions.CreateInstance[TBaseType](IFactory`1 factory, String typeAlias)
   at NLog.Layouts.LayoutParser.GetLayoutRenderer(String typeName, ConfigurationItemFactory configurationItemFactory, Nullable`1 throwConfigExceptions)
2024-09-03 10:20:53.9552 Error Error has been raised. Exception: NLog.NLogConfigurationException: 'DatabaseTarget' cannot assign property 'ConnectionString'='${configsettings:name=ConnectionString.LoggingDataBase}'. Error: Failed to create LayoutRenderer with unknown type-alias: 'configsettings' - Verify type-alias and check extension is included.
 ---> NLog.NLogConfigurationException: Failed to create LayoutRenderer with unknown type-alias: 'configsettings' - Verify type-alias and check extension is included.
   at NLog.Config.FactoryExtensions.CreateInstance[TBaseType](IFactory`1 factory, String typeAlias)
   at NLog.Layouts.LayoutParser.GetLayoutRenderer(String typeName, ConfigurationItemFactory configurationItemFactory, Nullable`1 throwConfigExceptions)
   at NLog.Layouts.LayoutParser.ParseLayoutRenderer(ConfigurationItemFactory configurationItemFactory, SimpleStringReader stringReader, Nullable`1 throwConfigExceptions)
   at NLog.Layouts.LayoutParser.CompileLayout(ConfigurationItemFactory configurationItemFactory, SimpleStringReader sr, Nullable`1 throwConfigExceptions, Boolean isNested, String& text)
   at NLog.Layouts.LayoutParser.CompileLayout(String value, ConfigurationItemFactory configurationItemFactory, Nullable`1 throwConfigExceptions, String& text)
   at NLog.Layouts.SimpleLayout.SetLayoutText(String value, Nullable`1 throwConfigExceptions)
   at NLog.Layouts.SimpleLayout..ctor(String txt, ConfigurationItemFactory configurationItemFactory, Nullable`1 throwConfigExceptions)
   at NLog.Layouts.SimpleLayout..ctor(String txt, ConfigurationItemFactory configurationItemFactory)
   at NLog.Internal.PropertyHelper.TryParseLayoutValue(String stringValue, ConfigurationItemFactory configurationItemFactory)
   at NLog.Internal.PropertyHelper.TryNLogSpecificConversion(Type propertyType, String value, ConfigurationItemFactory configurationItemFactory, Object& newValue)
   at NLog.Internal.PropertyHelper.SetPropertyFromString(Object targetObject, PropertyInfo propInfo, String stringValue, ConfigurationItemFactory configurationItemFactory)
   --- End of inner exception stack trace ---
   at NLog.Internal.PropertyHelper.SetPropertyFromString(Object targetObject, PropertyInfo propInfo, String stringValue, ConfigurationItemFactory configurationItemFactory)
   at NLog.Config.LoggingConfigurationParser.SetPropertyValueFromString[T](T targetObject, String propertyName, String propertyValue, ValidatedConfigurationElement element)
2024-09-03 10:20:53.9552 Error Exception when loading configuration C:\Repos\SelfProjectApi\SelfProjectApi\bin\Production\net8.0\NLog.config Exception: NLog.NLogConfigurationException: 'DatabaseTarget' cannot assign property 'ConnectionString'='${configsettings:name=ConnectionString.LoggingDataBase}'. Error: Failed to create LayoutRenderer with unknown type-alias: 'configsettings' - Verify type-alias and check extension is included.
 ---> NLog.NLogConfigurationException: Failed to create LayoutRenderer with unknown type-alias: 'configsettings' - Verify type-alias and check extension is included.
   at NLog.Config.FactoryExtensions.CreateInstance[TBaseType](IFactory`1 factory, String typeAlias)
   at NLog.Layouts.LayoutParser.GetLayoutRenderer(String typeName, ConfigurationItemFactory configurationItemFactory, Nullable`1 throwConfigExceptions)
   at NLog.Layouts.LayoutParser.ParseLayoutRenderer(ConfigurationItemFactory configurationItemFactory, SimpleStringReader stringReader, Nullable`1 throwConfigExceptions)
   at NLog.Layouts.LayoutParser.CompileLayout(ConfigurationItemFactory configurationItemFactory, SimpleStringReader sr, Nullable`1 throwConfigExceptions, Boolean isNested, String& text)
   at NLog.Layouts.LayoutParser.CompileLayout(String value, ConfigurationItemFactory configurationItemFactory, Nullable`1 throwConfigExceptions, String& text)
   at NLog.Layouts.SimpleLayout.SetLayoutText(String value, Nullable`1 throwConfigExceptions)
   at NLog.Layouts.SimpleLayout..ctor(String txt, ConfigurationItemFactory configurationItemFactory, Nullable`1 throwConfigExceptions)
   at NLog.Layouts.SimpleLayout..ctor(String txt, ConfigurationItemFactory configurationItemFactory)
   at NLog.Internal.PropertyHelper.TryParseLayoutValue(String stringValue, ConfigurationItemFactory configurationItemFactory)
   at NLog.Internal.PropertyHelper.TryNLogSpecificConversion(Type propertyType, String value, ConfigurationItemFactory configurationItemFactory, Object& newValue)
   at NLog.Internal.PropertyHelper.SetPropertyFromString(Object targetObject, PropertyInfo propInfo, String stringValue, ConfigurationItemFactory configurationItemFactory)
   --- End of inner exception stack trace ---
   at NLog.Internal.PropertyHelper.SetPropertyFromString(Object targetObject, PropertyInfo propInfo, String stringValue, ConfigurationItemFactory configurationItemFactory)
   at NLog.Config.LoggingConfigurationParser.SetPropertyValueFromString[T](T targetObject, String propertyName, String propertyValue, ValidatedConfigurationElement element)
   at NLog.Config.LoggingConfigurationParser.ConfigureObjectFromAttributes[T](T targetObject, ValidatedConfigurationElement element, Boolean ignoreType)
   at NLog.Config.LoggingConfigurationParser.ParseTargetElement(Target target, ValidatedConfigurationElement targetElement, Dictionary`2 typeNameToDefaultTargetParameters)
   at NLog.Config.LoggingConfigurationParser.AddNewTargetFromConfig(String targetTypeName, ValidatedConfigurationElement targetElement, Boolean asyncWrap, Dictionary`2 typeNameToDefaultTargetParameters, ValidatedConfigurationElement defaultWrapperElement)
   at NLog.Config.LoggingConfigurationParser.ParseTargetsElement(ValidatedConfigurationElement targetsElement)
   at NLog.Config.LoggingConfigurationParser.ParseNLogSection(ILoggingConfigurationElement configSection)
   at NLog.Config.XmlLoggingConfiguration.ParseNLogSection(ILoggingConfigurationElement configSection)
   at NLog.Config.LoggingConfigurationParser.LoadConfig(ILoggingConfigurationElement nlogConfig, String basePath)
   at NLog.Config.XmlLoggingConfiguration.ParseNLogElement(ILoggingConfigurationElement nlogElement, String filePath, Boolean autoReloadDefault)
   at NLog.Config.XmlLoggingConfiguration.ParseTopLevel(XmlLoggingConfigurationElement content, String filePath, Boolean autoReloadDefault)
   at NLog.Config.XmlLoggingConfiguration.Initialize(XmlReader reader, String fileName, Boolean ignoreErrors)
2024-09-03 10:20:53.9636 Error Error has been raised. Exception: NLog.NLogConfigurationException: Exception when loading configuration C:\Repos\SelfProjectApi\SelfProjectApi\bin\Production\net8.0\NLog.config
 ---> NLog.NLogConfigurationException: 'DatabaseTarget' cannot assign property 'ConnectionString'='${configsettings:name=ConnectionString.LoggingDataBase}'. Error: Failed to create LayoutRenderer with unknown type-alias: 'configsettings' - Verify type-alias and check extension is included.
 ---> NLog.NLogConfigurationException: Failed to create LayoutRenderer with unknown type-alias: 'configsettings' - Verify type-alias and check extension is included.
   at NLog.Config.FactoryExtensions.CreateInstance[TBaseType](IFactory`1 factory, String typeAlias)
   at NLog.Layouts.LayoutParser.GetLayoutRenderer(String typeName, ConfigurationItemFactory configurationItemFactory, Nullable`1 throwConfigExceptions)
   at NLog.Layouts.LayoutParser.ParseLayoutRenderer(ConfigurationItemFactory configurationItemFactory, SimpleStringReader stringReader, Nullable`1 throwConfigExceptions)
   at NLog.Layouts.LayoutParser.CompileLayout(ConfigurationItemFactory configurationItemFactory, SimpleStringReader sr, Nullable`1 throwConfigExceptions, Boolean isNested, String& text)
   at NLog.Layouts.LayoutParser.CompileLayout(String value, ConfigurationItemFactory configurationItemFactory, Nullable`1 throwConfigExceptions, String& text)
   at NLog.Layouts.SimpleLayout.SetLayoutText(String value, Nullable`1 throwConfigExceptions)
   at NLog.Layouts.SimpleLayout..ctor(String txt, ConfigurationItemFactory configurationItemFactory, Nullable`1 throwConfigExceptions)
   at NLog.Layouts.SimpleLayout..ctor(String txt, ConfigurationItemFactory configurationItemFactory)
   at NLog.Internal.PropertyHelper.TryParseLayoutValue(String stringValue, ConfigurationItemFactory configurationItemFactory)
   at NLog.Internal.PropertyHelper.TryNLogSpecificConversion(Type propertyType, String value, ConfigurationItemFactory configurationItemFactory, Object& newValue)
   at NLog.Internal.PropertyHelper.SetPropertyFromString(Object targetObject, PropertyInfo propInfo, String stringValue, ConfigurationItemFactory configurationItemFactory)
   --- End of inner exception stack trace ---
   at NLog.Internal.PropertyHelper.SetPropertyFromString(Object targetObject, PropertyInfo propInfo, String stringValue, ConfigurationItemFactory configurationItemFactory)
   at NLog.Config.LoggingConfigurationParser.SetPropertyValueFromString[T](T targetObject, String propertyName, String propertyValue, ValidatedConfigurationElement element)
   at NLog.Config.LoggingConfigurationParser.ConfigureObjectFromAttributes[T](T targetObject, ValidatedConfigurationElement element, Boolean ignoreType)
   at NLog.Config.LoggingConfigurationParser.ParseTargetElement(Target target, ValidatedConfigurationElement targetElement, Dictionary`2 typeNameToDefaultTargetParameters)
   at NLog.Config.LoggingConfigurationParser.AddNewTargetFromConfig(String targetTypeName, ValidatedConfigurationElement targetElement, Boolean asyncWrap, Dictionary`2 typeNameToDefaultTargetParameters, ValidatedConfigurationElement defaultWrapperElement)
   at NLog.Config.LoggingConfigurationParser.ParseTargetsElement(ValidatedConfigurationElement targetsElement)
   at NLog.Config.LoggingConfigurationParser.ParseNLogSection(ILoggingConfigurationElement configSection)
   at NLog.Config.XmlLoggingConfiguration.ParseNLogSection(ILoggingConfigurationElement configSection)
   at NLog.Config.LoggingConfigurationParser.LoadConfig(ILoggingConfigurationElement nlogConfig, String basePath)
   at NLog.Config.XmlLoggingConfiguration.ParseNLogElement(ILoggingConfigurationElement nlogElement, String filePath, Boolean autoReloadDefault)
   at NLog.Config.XmlLoggingConfiguration.ParseTopLevel(XmlLoggingConfigurationElement content, String filePath, Boolean autoReloadDefault)
   at NLog.Config.XmlLoggingConfiguration.Initialize(XmlReader reader, String fileName, Boolean ignoreErrors)
   --- End of inner exception stack trace ---
   at NLog.Config.XmlLoggingConfiguration.Initialize(XmlReader reader, String fileName, Boolean ignoreErrors)
   at NLog.Config.XmlLoggingConfiguration..ctor(XmlReader reader, String fileName, LogFactory logFactory)
   at NLog.Config.LoggingConfigurationFileLoader.LoadXmlLoggingConfiguration(XmlReader xmlReader, String configFile, LogFactory logFactory)
2024-09-03 10:20:53.9636 Error Failed loading from config file location: C:\Repos\SelfProjectApi\SelfProjectApi\bin\Production\net8.0\NLog.config Exception: NLog.NLogConfigurationException: Exception when loading configuration C:\Repos\SelfProjectApi\SelfProjectApi\bin\Production\net8.0\NLog.config
 ---> NLog.NLogConfigurationException: 'DatabaseTarget' cannot assign property 'ConnectionString'='${configsettings:name=ConnectionString.LoggingDataBase}'. Error: Failed to create LayoutRenderer with unknown type-alias: 'configsettings' - Verify type-alias and check extension is included.
 ---> NLog.NLogConfigurationException: Failed to create LayoutRenderer with unknown type-alias: 'configsettings' - Verify type-alias and check extension is included.
   at NLog.Config.FactoryExtensions.CreateInstance[TBaseType](IFactory`1 factory, String typeAlias)
   at NLog.Layouts.LayoutParser.GetLayoutRenderer(String typeName, ConfigurationItemFactory configurationItemFactory, Nullable`1 throwConfigExceptions)
   at NLog.Layouts.LayoutParser.ParseLayoutRenderer(ConfigurationItemFactory configurationItemFactory, SimpleStringReader stringReader, Nullable`1 throwConfigExceptions)
   at NLog.Layouts.LayoutParser.CompileLayout(ConfigurationItemFactory configurationItemFactory, SimpleStringReader sr, Nullable`1 throwConfigExceptions, Boolean isNested, String& text)
   at NLog.Layouts.LayoutParser.CompileLayout(String value, ConfigurationItemFactory configurationItemFactory, Nullable`1 throwConfigExceptions, String& text)
   at NLog.Layouts.SimpleLayout.SetLayoutText(String value, Nullable`1 throwConfigExceptions)
   at NLog.Layouts.SimpleLayout..ctor(String txt, ConfigurationItemFactory configurationItemFactory, Nullable`1 throwConfigExceptions)
   at NLog.Layouts.SimpleLayout..ctor(String txt, ConfigurationItemFactory configurationItemFactory)
   at NLog.Internal.PropertyHelper.TryParseLayoutValue(String stringValue, ConfigurationItemFactory configurationItemFactory)
   at NLog.Internal.PropertyHelper.TryNLogSpecificConversion(Type propertyType, String value, ConfigurationItemFactory configurationItemFactory, Object& newValue)
   at NLog.Internal.PropertyHelper.SetPropertyFromString(Object targetObject, PropertyInfo propInfo, String stringValue, ConfigurationItemFactory configurationItemFactory)
   --- End of inner exception stack trace ---
   at NLog.Internal.PropertyHelper.SetPropertyFromString(Object targetObject, PropertyInfo propInfo, String stringValue, ConfigurationItemFactory configurationItemFactory)
   at NLog.Config.LoggingConfigurationParser.SetPropertyValueFromString[T](T targetObject, String propertyName, String propertyValue, ValidatedConfigurationElement element)
   at NLog.Config.LoggingConfigurationParser.ConfigureObjectFromAttributes[T](T targetObject, ValidatedConfigurationElement element, Boolean ignoreType)
   at NLog.Config.LoggingConfigurationParser.ParseTargetElement(Target target, ValidatedConfigurationElement targetElement, Dictionary`2 typeNameToDefaultTargetParameters)
   at NLog.Config.LoggingConfigurationParser.AddNewTargetFromConfig(String targetTypeName, ValidatedConfigurationElement targetElement, Boolean asyncWrap, Dictionary`2 typeNameToDefaultTargetParameters, ValidatedConfigurationElement defaultWrapperElement)
   at NLog.Config.LoggingConfigurationParser.ParseTargetsElement(ValidatedConfigurationElement targetsElement)
   at NLog.Config.LoggingConfigurationParser.ParseNLogSection(ILoggingConfigurationElement configSection)
   at NLog.Config.XmlLoggingConfiguration.ParseNLogSection(ILoggingConfigurationElement configSection)
   at NLog.Config.LoggingConfigurationParser.LoadConfig(ILoggingConfigurationElement nlogConfig, String basePath)
   at NLog.Config.XmlLoggingConfiguration.ParseNLogElement(ILoggingConfigurationElement nlogElement, String filePath, Boolean autoReloadDefault)
   at NLog.Config.XmlLoggingConfiguration.ParseTopLevel(XmlLoggingConfigurationElement content, String filePath, Boolean autoReloadDefault)
   at NLog.Config.XmlLoggingConfiguration.Initialize(XmlReader reader, String fileName, Boolean ignoreErrors)
   --- End of inner exception stack trace ---
   at NLog.Config.XmlLoggingConfiguration.Initialize(XmlReader reader, String fileName, Boolean ignoreErrors)
   at NLog.Config.XmlLoggingConfiguration..ctor(XmlReader reader, String fileName, LogFactory logFactory)
   at NLog.Config.LoggingConfigurationFileLoader.LoadXmlLoggingConfiguration(XmlReader xmlReader, String configFile, LogFactory logFactory)
   at NLog.Config.LoggingConfigurationFileLoader.LoadXmlLoggingConfigurationFile(LogFactory logFactory, String configFile)
   at NLog.Config.LoggingConfigurationFileLoader.TryLoadLoggingConfiguration(LogFactory logFactory, String configFile, LoggingConfiguration& config)
2024-09-03 10:31:52.0272 Error Error has been raised. Exception: NLog.NLogConfigurationException: Failed to create LayoutRenderer with unknown type-alias: 'configsettings' - Verify type-alias and check extension is included.
   at NLog.Config.FactoryExtensions.CreateInstance[TBaseType](IFactory`1 factory, String typeAlias)
   at NLog.Layouts.LayoutParser.GetLayoutRenderer(String typeName, ConfigurationItemFactory configurationItemFactory, Nullable`1 throwConfigExceptions)
2024-09-03 10:31:52.0824 Error Error has been raised. Exception: NLog.NLogConfigurationException: 'DatabaseTarget' cannot assign property 'ConnectionString'='${configsettings:name=ConnectionString.LoggingDataBase}'. Error: Failed to create LayoutRenderer with unknown type-alias: 'configsettings' - Verify type-alias and check extension is included.
 ---> NLog.NLogConfigurationException: Failed to create LayoutRenderer with unknown type-alias: 'configsettings' - Verify type-alias and check extension is included.
   at NLog.Config.FactoryExtensions.CreateInstance[TBaseType](IFactory`1 factory, String typeAlias)
   at NLog.Layouts.LayoutParser.GetLayoutRenderer(String typeName, ConfigurationItemFactory configurationItemFactory, Nullable`1 throwConfigExceptions)
   at NLog.Layouts.LayoutParser.ParseLayoutRenderer(ConfigurationItemFactory configurationItemFactory, SimpleStringReader stringReader, Nullable`1 throwConfigExceptions)
   at NLog.Layouts.LayoutParser.CompileLayout(ConfigurationItemFactory configurationItemFactory, SimpleStringReader sr, Nullable`1 throwConfigExceptions, Boolean isNested, String& text)
   at NLog.Layouts.LayoutParser.CompileLayout(String value, ConfigurationItemFactory configurationItemFactory, Nullable`1 throwConfigExceptions, String& text)
   at NLog.Layouts.SimpleLayout.SetLayoutText(String value, Nullable`1 throwConfigExceptions)
   at NLog.Layouts.SimpleLayout..ctor(String txt, ConfigurationItemFactory configurationItemFactory, Nullable`1 throwConfigExceptions)
   at NLog.Layouts.SimpleLayout..ctor(String txt, ConfigurationItemFactory configurationItemFactory)
   at NLog.Internal.PropertyHelper.TryParseLayoutValue(String stringValue, ConfigurationItemFactory configurationItemFactory)
   at NLog.Internal.PropertyHelper.TryNLogSpecificConversion(Type propertyType, String value, ConfigurationItemFactory configurationItemFactory, Object& newValue)
   at NLog.Internal.PropertyHelper.SetPropertyFromString(Object targetObject, PropertyInfo propInfo, String stringValue, ConfigurationItemFactory configurationItemFactory)
   --- End of inner exception stack trace ---
   at NLog.Internal.PropertyHelper.SetPropertyFromString(Object targetObject, PropertyInfo propInfo, String stringValue, ConfigurationItemFactory configurationItemFactory)
   at NLog.Config.LoggingConfigurationParser.SetPropertyValueFromString[T](T targetObject, String propertyName, String propertyValue, ValidatedConfigurationElement element)
2024-09-03 10:31:52.0824 Error Exception when loading configuration C:\Repos\SelfProjectApi\SelfProjectApi\bin\Development\net8.0\NLog.config Exception: NLog.NLogConfigurationException: 'DatabaseTarget' cannot assign property 'ConnectionString'='${configsettings:name=ConnectionString.LoggingDataBase}'. Error: Failed to create LayoutRenderer with unknown type-alias: 'configsettings' - Verify type-alias and check extension is included.
 ---> NLog.NLogConfigurationException: Failed to create LayoutRenderer with unknown type-alias: 'configsettings' - Verify type-alias and check extension is included.
   at NLog.Config.FactoryExtensions.CreateInstance[TBaseType](IFactory`1 factory, String typeAlias)
   at NLog.Layouts.LayoutParser.GetLayoutRenderer(String typeName, ConfigurationItemFactory configurationItemFactory, Nullable`1 throwConfigExceptions)
   at NLog.Layouts.LayoutParser.ParseLayoutRenderer(ConfigurationItemFactory configurationItemFactory, SimpleStringReader stringReader, Nullable`1 throwConfigExceptions)
   at NLog.Layouts.LayoutParser.CompileLayout(ConfigurationItemFactory configurationItemFactory, SimpleStringReader sr, Nullable`1 throwConfigExceptions, Boolean isNested, String& text)
   at NLog.Layouts.LayoutParser.CompileLayout(String value, ConfigurationItemFactory configurationItemFactory, Nullable`1 throwConfigExceptions, String& text)
   at NLog.Layouts.SimpleLayout.SetLayoutText(String value, Nullable`1 throwConfigExceptions)
   at NLog.Layouts.SimpleLayout..ctor(String txt, ConfigurationItemFactory configurationItemFactory, Nullable`1 throwConfigExceptions)
   at NLog.Layouts.SimpleLayout..ctor(String txt, ConfigurationItemFactory configurationItemFactory)
   at NLog.Internal.PropertyHelper.TryParseLayoutValue(String stringValue, ConfigurationItemFactory configurationItemFactory)
   at NLog.Internal.PropertyHelper.TryNLogSpecificConversion(Type propertyType, String value, ConfigurationItemFactory configurationItemFactory, Object& newValue)
   at NLog.Internal.PropertyHelper.SetPropertyFromString(Object targetObject, PropertyInfo propInfo, String stringValue, ConfigurationItemFactory configurationItemFactory)
   --- End of inner exception stack trace ---
   at NLog.Internal.PropertyHelper.SetPropertyFromString(Object targetObject, PropertyInfo propInfo, String stringValue, ConfigurationItemFactory configurationItemFactory)
   at NLog.Config.LoggingConfigurationParser.SetPropertyValueFromString[T](T targetObject, String propertyName, String propertyValue, ValidatedConfigurationElement element)
   at NLog.Config.LoggingConfigurationParser.ConfigureObjectFromAttributes[T](T targetObject, ValidatedConfigurationElement element, Boolean ignoreType)
   at NLog.Config.LoggingConfigurationParser.ParseTargetElement(Target target, ValidatedConfigurationElement targetElement, Dictionary`2 typeNameToDefaultTargetParameters)
   at NLog.Config.LoggingConfigurationParser.AddNewTargetFromConfig(String targetTypeName, ValidatedConfigurationElement targetElement, Boolean asyncWrap, Dictionary`2 typeNameToDefaultTargetParameters, ValidatedConfigurationElement defaultWrapperElement)
   at NLog.Config.LoggingConfigurationParser.ParseTargetsElement(ValidatedConfigurationElement targetsElement)
   at NLog.Config.LoggingConfigurationParser.ParseNLogSection(ILoggingConfigurationElement configSection)
   at NLog.Config.XmlLoggingConfiguration.ParseNLogSection(ILoggingConfigurationElement configSection)
   at NLog.Config.LoggingConfigurationParser.LoadConfig(ILoggingConfigurationElement nlogConfig, String basePath)
   at NLog.Config.XmlLoggingConfiguration.ParseNLogElement(ILoggingConfigurationElement nlogElement, String filePath, Boolean autoReloadDefault)
   at NLog.Config.XmlLoggingConfiguration.ParseTopLevel(XmlLoggingConfigurationElement content, String filePath, Boolean autoReloadDefault)
   at NLog.Config.XmlLoggingConfiguration.Initialize(XmlReader reader, String fileName, Boolean ignoreErrors)
2024-09-03 10:31:52.0971 Error Error has been raised. Exception: NLog.NLogConfigurationException: Exception when loading configuration C:\Repos\SelfProjectApi\SelfProjectApi\bin\Development\net8.0\NLog.config
 ---> NLog.NLogConfigurationException: 'DatabaseTarget' cannot assign property 'ConnectionString'='${configsettings:name=ConnectionString.LoggingDataBase}'. Error: Failed to create LayoutRenderer with unknown type-alias: 'configsettings' - Verify type-alias and check extension is included.
 ---> NLog.NLogConfigurationException: Failed to create LayoutRenderer with unknown type-alias: 'configsettings' - Verify type-alias and check extension is included.
   at NLog.Config.FactoryExtensions.CreateInstance[TBaseType](IFactory`1 factory, String typeAlias)
   at NLog.Layouts.LayoutParser.GetLayoutRenderer(String typeName, ConfigurationItemFactory configurationItemFactory, Nullable`1 throwConfigExceptions)
   at NLog.Layouts.LayoutParser.ParseLayoutRenderer(ConfigurationItemFactory configurationItemFactory, SimpleStringReader stringReader, Nullable`1 throwConfigExceptions)
   at NLog.Layouts.LayoutParser.CompileLayout(ConfigurationItemFactory configurationItemFactory, SimpleStringReader sr, Nullable`1 throwConfigExceptions, Boolean isNested, String& text)
   at NLog.Layouts.LayoutParser.CompileLayout(String value, ConfigurationItemFactory configurationItemFactory, Nullable`1 throwConfigExceptions, String& text)
   at NLog.Layouts.SimpleLayout.SetLayoutText(String value, Nullable`1 throwConfigExceptions)
   at NLog.Layouts.SimpleLayout..ctor(String txt, ConfigurationItemFactory configurationItemFactory, Nullable`1 throwConfigExceptions)
   at NLog.Layouts.SimpleLayout..ctor(String txt, ConfigurationItemFactory configurationItemFactory)
   at NLog.Internal.PropertyHelper.TryParseLayoutValue(String stringValue, ConfigurationItemFactory configurationItemFactory)
   at NLog.Internal.PropertyHelper.TryNLogSpecificConversion(Type propertyType, String value, ConfigurationItemFactory configurationItemFactory, Object& newValue)
   at NLog.Internal.PropertyHelper.SetPropertyFromString(Object targetObject, PropertyInfo propInfo, String stringValue, ConfigurationItemFactory configurationItemFactory)
   --- End of inner exception stack trace ---
   at NLog.Internal.PropertyHelper.SetPropertyFromString(Object targetObject, PropertyInfo propInfo, String stringValue, ConfigurationItemFactory configurationItemFactory)
   at NLog.Config.LoggingConfigurationParser.SetPropertyValueFromString[T](T targetObject, String propertyName, String propertyValue, ValidatedConfigurationElement element)
   at NLog.Config.LoggingConfigurationParser.ConfigureObjectFromAttributes[T](T targetObject, ValidatedConfigurationElement element, Boolean ignoreType)
   at NLog.Config.LoggingConfigurationParser.ParseTargetElement(Target target, ValidatedConfigurationElement targetElement, Dictionary`2 typeNameToDefaultTargetParameters)
   at NLog.Config.LoggingConfigurationParser.AddNewTargetFromConfig(String targetTypeName, ValidatedConfigurationElement targetElement, Boolean asyncWrap, Dictionary`2 typeNameToDefaultTargetParameters, ValidatedConfigurationElement defaultWrapperElement)
   at NLog.Config.LoggingConfigurationParser.ParseTargetsElement(ValidatedConfigurationElement targetsElement)
   at NLog.Config.LoggingConfigurationParser.ParseNLogSection(ILoggingConfigurationElement configSection)
   at NLog.Config.XmlLoggingConfiguration.ParseNLogSection(ILoggingConfigurationElement configSection)
   at NLog.Config.LoggingConfigurationParser.LoadConfig(ILoggingConfigurationElement nlogConfig, String basePath)
   at NLog.Config.XmlLoggingConfiguration.ParseNLogElement(ILoggingConfigurationElement nlogElement, String filePath, Boolean autoReloadDefault)
   at NLog.Config.XmlLoggingConfiguration.ParseTopLevel(XmlLoggingConfigurationElement content, String filePath, Boolean autoReloadDefault)
   at NLog.Config.XmlLoggingConfiguration.Initialize(XmlReader reader, String fileName, Boolean ignoreErrors)
   --- End of inner exception stack trace ---
   at NLog.Config.XmlLoggingConfiguration.Initialize(XmlReader reader, String fileName, Boolean ignoreErrors)
   at NLog.Config.XmlLoggingConfiguration..ctor(XmlReader reader, String fileName, LogFactory logFactory)
   at NLog.Config.LoggingConfigurationFileLoader.LoadXmlLoggingConfiguration(XmlReader xmlReader, String configFile, LogFactory logFactory)
2024-09-03 10:31:52.0971 Error Failed loading from config file location: C:\Repos\SelfProjectApi\SelfProjectApi\bin\Development\net8.0\NLog.config Exception: NLog.NLogConfigurationException: Exception when loading configuration C:\Repos\SelfProjectApi\SelfProjectApi\bin\Development\net8.0\NLog.config
 ---> NLog.NLogConfigurationException: 'DatabaseTarget' cannot assign property 'ConnectionString'='${configsettings:name=ConnectionString.LoggingDataBase}'. Error: Failed to create LayoutRenderer with unknown type-alias: 'configsettings' - Verify type-alias and check extension is included.
 ---> NLog.NLogConfigurationException: Failed to create LayoutRenderer with unknown type-alias: 'configsettings' - Verify type-alias and check extension is included.
   at NLog.Config.FactoryExtensions.CreateInstance[TBaseType](IFactory`1 factory, String typeAlias)
   at NLog.Layouts.LayoutParser.GetLayoutRenderer(String typeName, ConfigurationItemFactory configurationItemFactory, Nullable`1 throwConfigExceptions)
   at NLog.Layouts.LayoutParser.ParseLayoutRenderer(ConfigurationItemFactory configurationItemFactory, SimpleStringReader stringReader, Nullable`1 throwConfigExceptions)
   at NLog.Layouts.LayoutParser.CompileLayout(ConfigurationItemFactory configurationItemFactory, SimpleStringReader sr, Nullable`1 throwConfigExceptions, Boolean isNested, String& text)
   at NLog.Layouts.LayoutParser.CompileLayout(String value, ConfigurationItemFactory configurationItemFactory, Nullable`1 throwConfigExceptions, String& text)
   at NLog.Layouts.SimpleLayout.SetLayoutText(String value, Nullable`1 throwConfigExceptions)
   at NLog.Layouts.SimpleLayout..ctor(String txt, ConfigurationItemFactory configurationItemFactory, Nullable`1 throwConfigExceptions)
   at NLog.Layouts.SimpleLayout..ctor(String txt, ConfigurationItemFactory configurationItemFactory)
   at NLog.Internal.PropertyHelper.TryParseLayoutValue(String stringValue, ConfigurationItemFactory configurationItemFactory)
   at NLog.Internal.PropertyHelper.TryNLogSpecificConversion(Type propertyType, String value, ConfigurationItemFactory configurationItemFactory, Object& newValue)
   at NLog.Internal.PropertyHelper.SetPropertyFromString(Object targetObject, PropertyInfo propInfo, String stringValue, ConfigurationItemFactory configurationItemFactory)
   --- End of inner exception stack trace ---
   at NLog.Internal.PropertyHelper.SetPropertyFromString(Object targetObject, PropertyInfo propInfo, String stringValue, ConfigurationItemFactory configurationItemFactory)
   at NLog.Config.LoggingConfigurationParser.SetPropertyValueFromString[T](T targetObject, String propertyName, String propertyValue, ValidatedConfigurationElement element)
   at NLog.Config.LoggingConfigurationParser.ConfigureObjectFromAttributes[T](T targetObject, ValidatedConfigurationElement element, Boolean ignoreType)
   at NLog.Config.LoggingConfigurationParser.ParseTargetElement(Target target, ValidatedConfigurationElement targetElement, Dictionary`2 typeNameToDefaultTargetParameters)
   at NLog.Config.LoggingConfigurationParser.AddNewTargetFromConfig(String targetTypeName, ValidatedConfigurationElement targetElement, Boolean asyncWrap, Dictionary`2 typeNameToDefaultTargetParameters, ValidatedConfigurationElement defaultWrapperElement)
   at NLog.Config.LoggingConfigurationParser.ParseTargetsElement(ValidatedConfigurationElement targetsElement)
   at NLog.Config.LoggingConfigurationParser.ParseNLogSection(ILoggingConfigurationElement configSection)
   at NLog.Config.XmlLoggingConfiguration.ParseNLogSection(ILoggingConfigurationElement configSection)
   at NLog.Config.LoggingConfigurationParser.LoadConfig(ILoggingConfigurationElement nlogConfig, String basePath)
   at NLog.Config.XmlLoggingConfiguration.ParseNLogElement(ILoggingConfigurationElement nlogElement, String filePath, Boolean autoReloadDefault)
   at NLog.Config.XmlLoggingConfiguration.ParseTopLevel(XmlLoggingConfigurationElement content, String filePath, Boolean autoReloadDefault)
   at NLog.Config.XmlLoggingConfiguration.Initialize(XmlReader reader, String fileName, Boolean ignoreErrors)
   --- End of inner exception stack trace ---
   at NLog.Config.XmlLoggingConfiguration.Initialize(XmlReader reader, String fileName, Boolean ignoreErrors)
   at NLog.Config.XmlLoggingConfiguration..ctor(XmlReader reader, String fileName, LogFactory logFactory)
   at NLog.Config.LoggingConfigurationFileLoader.LoadXmlLoggingConfiguration(XmlReader xmlReader, String configFile, LogFactory logFactory)
   at NLog.Config.LoggingConfigurationFileLoader.LoadXmlLoggingConfigurationFile(LogFactory logFactory, String configFile)
   at NLog.Config.LoggingConfigurationFileLoader.TryLoadLoggingConfiguration(LogFactory logFactory, String configFile, LoggingConfiguration& config)
2024-09-04 08:54:32.0657 Error Error has been raised. Exception: NLog.NLogConfigurationException: Failed to create LayoutRenderer with unknown type-alias: 'configsettings' - Verify type-alias and check extension is included.
   at NLog.Config.FactoryExtensions.CreateInstance[TBaseType](IFactory`1 factory, String typeAlias)
   at NLog.Layouts.LayoutParser.GetLayoutRenderer(String typeName, ConfigurationItemFactory configurationItemFactory, Nullable`1 throwConfigExceptions)
2024-09-04 08:54:32.0995 Error Error has been raised. Exception: NLog.NLogConfigurationException: 'DatabaseTarget' cannot assign property 'ConnectionString'='${configsettings:name=ConnectionString.LoggingDataBase}'. Error: Failed to create LayoutRenderer with unknown type-alias: 'configsettings' - Verify type-alias and check extension is included.
 ---> NLog.NLogConfigurationException: Failed to create LayoutRenderer with unknown type-alias: 'configsettings' - Verify type-alias and check extension is included.
   at NLog.Config.FactoryExtensions.CreateInstance[TBaseType](IFactory`1 factory, String typeAlias)
   at NLog.Layouts.LayoutParser.GetLayoutRenderer(String typeName, ConfigurationItemFactory configurationItemFactory, Nullable`1 throwConfigExceptions)
   at NLog.Layouts.LayoutParser.ParseLayoutRenderer(ConfigurationItemFactory configurationItemFactory, SimpleStringReader stringReader, Nullable`1 throwConfigExceptions)
   at NLog.Layouts.LayoutParser.CompileLayout(ConfigurationItemFactory configurationItemFactory, SimpleStringReader sr, Nullable`1 throwConfigExceptions, Boolean isNested, String& text)
   at NLog.Layouts.LayoutParser.CompileLayout(String value, ConfigurationItemFactory configurationItemFactory, Nullable`1 throwConfigExceptions, String& text)
   at NLog.Layouts.SimpleLayout.SetLayoutText(String value, Nullable`1 throwConfigExceptions)
   at NLog.Layouts.SimpleLayout..ctor(String txt, ConfigurationItemFactory configurationItemFactory, Nullable`1 throwConfigExceptions)
   at NLog.Layouts.SimpleLayout..ctor(String txt, ConfigurationItemFactory configurationItemFactory)
   at NLog.Internal.PropertyHelper.TryParseLayoutValue(String stringValue, ConfigurationItemFactory configurationItemFactory)
   at NLog.Internal.PropertyHelper.TryNLogSpecificConversion(Type propertyType, String value, ConfigurationItemFactory configurationItemFactory, Object& newValue)
   at NLog.Internal.PropertyHelper.SetPropertyFromString(Object targetObject, PropertyInfo propInfo, String stringValue, ConfigurationItemFactory configurationItemFactory)
   --- End of inner exception stack trace ---
   at NLog.Internal.PropertyHelper.SetPropertyFromString(Object targetObject, PropertyInfo propInfo, String stringValue, ConfigurationItemFactory configurationItemFactory)
   at NLog.Config.LoggingConfigurationParser.SetPropertyValueFromString[T](T targetObject, String propertyName, String propertyValue, ValidatedConfigurationElement element)
2024-09-04 08:54:32.0995 Error Exception when loading configuration C:\Repos\SelfProjectApi\SelfProjectApi\bin\Development\net8.0\NLog.config Exception: NLog.NLogConfigurationException: 'DatabaseTarget' cannot assign property 'ConnectionString'='${configsettings:name=ConnectionString.LoggingDataBase}'. Error: Failed to create LayoutRenderer with unknown type-alias: 'configsettings' - Verify type-alias and check extension is included.
 ---> NLog.NLogConfigurationException: Failed to create LayoutRenderer with unknown type-alias: 'configsettings' - Verify type-alias and check extension is included.
   at NLog.Config.FactoryExtensions.CreateInstance[TBaseType](IFactory`1 factory, String typeAlias)
   at NLog.Layouts.LayoutParser.GetLayoutRenderer(String typeName, ConfigurationItemFactory configurationItemFactory, Nullable`1 throwConfigExceptions)
   at NLog.Layouts.LayoutParser.ParseLayoutRenderer(ConfigurationItemFactory configurationItemFactory, SimpleStringReader stringReader, Nullable`1 throwConfigExceptions)
   at NLog.Layouts.LayoutParser.CompileLayout(ConfigurationItemFactory configurationItemFactory, SimpleStringReader sr, Nullable`1 throwConfigExceptions, Boolean isNested, String& text)
   at NLog.Layouts.LayoutParser.CompileLayout(String value, ConfigurationItemFactory configurationItemFactory, Nullable`1 throwConfigExceptions, String& text)
   at NLog.Layouts.SimpleLayout.SetLayoutText(String value, Nullable`1 throwConfigExceptions)
   at NLog.Layouts.SimpleLayout..ctor(String txt, ConfigurationItemFactory configurationItemFactory, Nullable`1 throwConfigExceptions)
   at NLog.Layouts.SimpleLayout..ctor(String txt, ConfigurationItemFactory configurationItemFactory)
   at NLog.Internal.PropertyHelper.TryParseLayoutValue(String stringValue, ConfigurationItemFactory configurationItemFactory)
   at NLog.Internal.PropertyHelper.TryNLogSpecificConversion(Type propertyType, String value, ConfigurationItemFactory configurationItemFactory, Object& newValue)
   at NLog.Internal.PropertyHelper.SetPropertyFromString(Object targetObject, PropertyInfo propInfo, String stringValue, ConfigurationItemFactory configurationItemFactory)
   --- End of inner exception stack trace ---
   at NLog.Internal.PropertyHelper.SetPropertyFromString(Object targetObject, PropertyInfo propInfo, String stringValue, ConfigurationItemFactory configurationItemFactory)
   at NLog.Config.LoggingConfigurationParser.SetPropertyValueFromString[T](T targetObject, String propertyName, String propertyValue, ValidatedConfigurationElement element)
   at NLog.Config.LoggingConfigurationParser.ConfigureObjectFromAttributes[T](T targetObject, ValidatedConfigurationElement element, Boolean ignoreType)
   at NLog.Config.LoggingConfigurationParser.ParseTargetElement(Target target, ValidatedConfigurationElement targetElement, Dictionary`2 typeNameToDefaultTargetParameters)
   at NLog.Config.LoggingConfigurationParser.AddNewTargetFromConfig(String targetTypeName, ValidatedConfigurationElement targetElement, Boolean asyncWrap, Dictionary`2 typeNameToDefaultTargetParameters, ValidatedConfigurationElement defaultWrapperElement)
   at NLog.Config.LoggingConfigurationParser.ParseTargetsElement(ValidatedConfigurationElement targetsElement)
   at NLog.Config.LoggingConfigurationParser.ParseNLogSection(ILoggingConfigurationElement configSection)
   at NLog.Config.XmlLoggingConfiguration.ParseNLogSection(ILoggingConfigurationElement configSection)
   at NLog.Config.LoggingConfigurationParser.LoadConfig(ILoggingConfigurationElement nlogConfig, String basePath)
   at NLog.Config.XmlLoggingConfiguration.ParseNLogElement(ILoggingConfigurationElement nlogElement, String filePath, Boolean autoReloadDefault)
   at NLog.Config.XmlLoggingConfiguration.ParseTopLevel(XmlLoggingConfigurationElement content, String filePath, Boolean autoReloadDefault)
   at NLog.Config.XmlLoggingConfiguration.Initialize(XmlReader reader, String fileName, Boolean ignoreErrors)
2024-09-04 08:54:32.0995 Error Error has been raised. Exception: NLog.NLogConfigurationException: Exception when loading configuration C:\Repos\SelfProjectApi\SelfProjectApi\bin\Development\net8.0\NLog.config
 ---> NLog.NLogConfigurationException: 'DatabaseTarget' cannot assign property 'ConnectionString'='${configsettings:name=ConnectionString.LoggingDataBase}'. Error: Failed to create LayoutRenderer with unknown type-alias: 'configsettings' - Verify type-alias and check extension is included.
 ---> NLog.NLogConfigurationException: Failed to create LayoutRenderer with unknown type-alias: 'configsettings' - Verify type-alias and check extension is included.
   at NLog.Config.FactoryExtensions.CreateInstance[TBaseType](IFactory`1 factory, String typeAlias)
   at NLog.Layouts.LayoutParser.GetLayoutRenderer(String typeName, ConfigurationItemFactory configurationItemFactory, Nullable`1 throwConfigExceptions)
   at NLog.Layouts.LayoutParser.ParseLayoutRenderer(ConfigurationItemFactory configurationItemFactory, SimpleStringReader stringReader, Nullable`1 throwConfigExceptions)
   at NLog.Layouts.LayoutParser.CompileLayout(ConfigurationItemFactory configurationItemFactory, SimpleStringReader sr, Nullable`1 throwConfigExceptions, Boolean isNested, String& text)
   at NLog.Layouts.LayoutParser.CompileLayout(String value, ConfigurationItemFactory configurationItemFactory, Nullable`1 throwConfigExceptions, String& text)
   at NLog.Layouts.SimpleLayout.SetLayoutText(String value, Nullable`1 throwConfigExceptions)
   at NLog.Layouts.SimpleLayout..ctor(String txt, ConfigurationItemFactory configurationItemFactory, Nullable`1 throwConfigExceptions)
   at NLog.Layouts.SimpleLayout..ctor(String txt, ConfigurationItemFactory configurationItemFactory)
   at NLog.Internal.PropertyHelper.TryParseLayoutValue(String stringValue, ConfigurationItemFactory configurationItemFactory)
   at NLog.Internal.PropertyHelper.TryNLogSpecificConversion(Type propertyType, String value, ConfigurationItemFactory configurationItemFactory, Object& newValue)
   at NLog.Internal.PropertyHelper.SetPropertyFromString(Object targetObject, PropertyInfo propInfo, String stringValue, ConfigurationItemFactory configurationItemFactory)
   --- End of inner exception stack trace ---
   at NLog.Internal.PropertyHelper.SetPropertyFromString(Object targetObject, PropertyInfo propInfo, String stringValue, ConfigurationItemFactory configurationItemFactory)
   at NLog.Config.LoggingConfigurationParser.SetPropertyValueFromString[T](T targetObject, String propertyName, String propertyValue, ValidatedConfigurationElement element)
   at NLog.Config.LoggingConfigurationParser.ConfigureObjectFromAttributes[T](T targetObject, ValidatedConfigurationElement element, Boolean ignoreType)
   at NLog.Config.LoggingConfigurationParser.ParseTargetElement(Target target, ValidatedConfigurationElement targetElement, Dictionary`2 typeNameToDefaultTargetParameters)
   at NLog.Config.LoggingConfigurationParser.AddNewTargetFromConfig(String targetTypeName, ValidatedConfigurationElement targetElement, Boolean asyncWrap, Dictionary`2 typeNameToDefaultTargetParameters, ValidatedConfigurationElement defaultWrapperElement)
   at NLog.Config.LoggingConfigurationParser.ParseTargetsElement(ValidatedConfigurationElement targetsElement)
   at NLog.Config.LoggingConfigurationParser.ParseNLogSection(ILoggingConfigurationElement configSection)
   at NLog.Config.XmlLoggingConfiguration.ParseNLogSection(ILoggingConfigurationElement configSection)
   at NLog.Config.LoggingConfigurationParser.LoadConfig(ILoggingConfigurationElement nlogConfig, String basePath)
   at NLog.Config.XmlLoggingConfiguration.ParseNLogElement(ILoggingConfigurationElement nlogElement, String filePath, Boolean autoReloadDefault)
   at NLog.Config.XmlLoggingConfiguration.ParseTopLevel(XmlLoggingConfigurationElement content, String filePath, Boolean autoReloadDefault)
   at NLog.Config.XmlLoggingConfiguration.Initialize(XmlReader reader, String fileName, Boolean ignoreErrors)
   --- End of inner exception stack trace ---
   at NLog.Config.XmlLoggingConfiguration.Initialize(XmlReader reader, String fileName, Boolean ignoreErrors)
   at NLog.Config.XmlLoggingConfiguration..ctor(XmlReader reader, String fileName, LogFactory logFactory)
   at NLog.Config.LoggingConfigurationFileLoader.LoadXmlLoggingConfiguration(XmlReader xmlReader, String configFile, LogFactory logFactory)
2024-09-04 08:54:32.0995 Error Failed loading from config file location: C:\Repos\SelfProjectApi\SelfProjectApi\bin\Development\net8.0\NLog.config Exception: NLog.NLogConfigurationException: Exception when loading configuration C:\Repos\SelfProjectApi\SelfProjectApi\bin\Development\net8.0\NLog.config
 ---> NLog.NLogConfigurationException: 'DatabaseTarget' cannot assign property 'ConnectionString'='${configsettings:name=ConnectionString.LoggingDataBase}'. Error: Failed to create LayoutRenderer with unknown type-alias: 'configsettings' - Verify type-alias and check extension is included.
 ---> NLog.NLogConfigurationException: Failed to create LayoutRenderer with unknown type-alias: 'configsettings' - Verify type-alias and check extension is included.
   at NLog.Config.FactoryExtensions.CreateInstance[TBaseType](IFactory`1 factory, String typeAlias)
   at NLog.Layouts.LayoutParser.GetLayoutRenderer(String typeName, ConfigurationItemFactory configurationItemFactory, Nullable`1 throwConfigExceptions)
   at NLog.Layouts.LayoutParser.ParseLayoutRenderer(ConfigurationItemFactory configurationItemFactory, SimpleStringReader stringReader, Nullable`1 throwConfigExceptions)
   at NLog.Layouts.LayoutParser.CompileLayout(ConfigurationItemFactory configurationItemFactory, SimpleStringReader sr, Nullable`1 throwConfigExceptions, Boolean isNested, String& text)
   at NLog.Layouts.LayoutParser.CompileLayout(String value, ConfigurationItemFactory configurationItemFactory, Nullable`1 throwConfigExceptions, String& text)
   at NLog.Layouts.SimpleLayout.SetLayoutText(String value, Nullable`1 throwConfigExceptions)
   at NLog.Layouts.SimpleLayout..ctor(String txt, ConfigurationItemFactory configurationItemFactory, Nullable`1 throwConfigExceptions)
   at NLog.Layouts.SimpleLayout..ctor(String txt, ConfigurationItemFactory configurationItemFactory)
   at NLog.Internal.PropertyHelper.TryParseLayoutValue(String stringValue, ConfigurationItemFactory configurationItemFactory)
   at NLog.Internal.PropertyHelper.TryNLogSpecificConversion(Type propertyType, String value, ConfigurationItemFactory configurationItemFactory, Object& newValue)
   at NLog.Internal.PropertyHelper.SetPropertyFromString(Object targetObject, PropertyInfo propInfo, String stringValue, ConfigurationItemFactory configurationItemFactory)
   --- End of inner exception stack trace ---
   at NLog.Internal.PropertyHelper.SetPropertyFromString(Object targetObject, PropertyInfo propInfo, String stringValue, ConfigurationItemFactory configurationItemFactory)
   at NLog.Config.LoggingConfigurationParser.SetPropertyValueFromString[T](T targetObject, String propertyName, String propertyValue, ValidatedConfigurationElement element)
   at NLog.Config.LoggingConfigurationParser.ConfigureObjectFromAttributes[T](T targetObject, ValidatedConfigurationElement element, Boolean ignoreType)
   at NLog.Config.LoggingConfigurationParser.ParseTargetElement(Target target, ValidatedConfigurationElement targetElement, Dictionary`2 typeNameToDefaultTargetParameters)
   at NLog.Config.LoggingConfigurationParser.AddNewTargetFromConfig(String targetTypeName, ValidatedConfigurationElement targetElement, Boolean asyncWrap, Dictionary`2 typeNameToDefaultTargetParameters, ValidatedConfigurationElement defaultWrapperElement)
   at NLog.Config.LoggingConfigurationParser.ParseTargetsElement(ValidatedConfigurationElement targetsElement)
   at NLog.Config.LoggingConfigurationParser.ParseNLogSection(ILoggingConfigurationElement configSection)
   at NLog.Config.XmlLoggingConfiguration.ParseNLogSection(ILoggingConfigurationElement configSection)
   at NLog.Config.LoggingConfigurationParser.LoadConfig(ILoggingConfigurationElement nlogConfig, String basePath)
   at NLog.Config.XmlLoggingConfiguration.ParseNLogElement(ILoggingConfigurationElement nlogElement, String filePath, Boolean autoReloadDefault)
   at NLog.Config.XmlLoggingConfiguration.ParseTopLevel(XmlLoggingConfigurationElement content, String filePath, Boolean autoReloadDefault)
   at NLog.Config.XmlLoggingConfiguration.Initialize(XmlReader reader, String fileName, Boolean ignoreErrors)
   --- End of inner exception stack trace ---
   at NLog.Config.XmlLoggingConfiguration.Initialize(XmlReader reader, String fileName, Boolean ignoreErrors)
   at NLog.Config.XmlLoggingConfiguration..ctor(XmlReader reader, String fileName, LogFactory logFactory)
   at NLog.Config.LoggingConfigurationFileLoader.LoadXmlLoggingConfiguration(XmlReader xmlReader, String configFile, LogFactory logFactory)
   at NLog.Config.LoggingConfigurationFileLoader.LoadXmlLoggingConfigurationFile(LogFactory logFactory, String configFile)
   at NLog.Config.LoggingConfigurationFileLoader.TryLoadLoggingConfiguration(LogFactory logFactory, String configFile, LoggingConfiguration& config)
2024-09-04 08:55:04.1510 Error Error has been raised. Exception: NLog.NLogConfigurationException: Failed to create LayoutRenderer with unknown type-alias: 'configsettings' - Verify type-alias and check extension is included.
   at NLog.Config.FactoryExtensions.CreateInstance[TBaseType](IFactory`1 factory, String typeAlias)
   at NLog.Layouts.LayoutParser.GetLayoutRenderer(String typeName, ConfigurationItemFactory configurationItemFactory, Nullable`1 throwConfigExceptions)
2024-09-04 08:55:04.1876 Error Error has been raised. Exception: NLog.NLogConfigurationException: 'DatabaseTarget' cannot assign property 'ConnectionString'='${configsettings:name=ConnectionString.LoggingDataBase}'. Error: Failed to create LayoutRenderer with unknown type-alias: 'configsettings' - Verify type-alias and check extension is included.
 ---> NLog.NLogConfigurationException: Failed to create LayoutRenderer with unknown type-alias: 'configsettings' - Verify type-alias and check extension is included.
   at NLog.Config.FactoryExtensions.CreateInstance[TBaseType](IFactory`1 factory, String typeAlias)
   at NLog.Layouts.LayoutParser.GetLayoutRenderer(String typeName, ConfigurationItemFactory configurationItemFactory, Nullable`1 throwConfigExceptions)
   at NLog.Layouts.LayoutParser.ParseLayoutRenderer(ConfigurationItemFactory configurationItemFactory, SimpleStringReader stringReader, Nullable`1 throwConfigExceptions)
   at NLog.Layouts.LayoutParser.CompileLayout(ConfigurationItemFactory configurationItemFactory, SimpleStringReader sr, Nullable`1 throwConfigExceptions, Boolean isNested, String& text)
   at NLog.Layouts.LayoutParser.CompileLayout(String value, ConfigurationItemFactory configurationItemFactory, Nullable`1 throwConfigExceptions, String& text)
   at NLog.Layouts.SimpleLayout.SetLayoutText(String value, Nullable`1 throwConfigExceptions)
   at NLog.Layouts.SimpleLayout..ctor(String txt, ConfigurationItemFactory configurationItemFactory, Nullable`1 throwConfigExceptions)
   at NLog.Layouts.SimpleLayout..ctor(String txt, ConfigurationItemFactory configurationItemFactory)
   at NLog.Internal.PropertyHelper.TryParseLayoutValue(String stringValue, ConfigurationItemFactory configurationItemFactory)
   at NLog.Internal.PropertyHelper.TryNLogSpecificConversion(Type propertyType, String value, ConfigurationItemFactory configurationItemFactory, Object& newValue)
   at NLog.Internal.PropertyHelper.SetPropertyFromString(Object targetObject, PropertyInfo propInfo, String stringValue, ConfigurationItemFactory configurationItemFactory)
   --- End of inner exception stack trace ---
   at NLog.Internal.PropertyHelper.SetPropertyFromString(Object targetObject, PropertyInfo propInfo, String stringValue, ConfigurationItemFactory configurationItemFactory)
   at NLog.Config.LoggingConfigurationParser.SetPropertyValueFromString[T](T targetObject, String propertyName, String propertyValue, ValidatedConfigurationElement element)
2024-09-04 08:55:04.1876 Error Exception when loading configuration C:\Repos\SelfProjectApi\SelfProjectApi\bin\Development\net8.0\nlog.config Exception: NLog.NLogConfigurationException: 'DatabaseTarget' cannot assign property 'ConnectionString'='${configsettings:name=ConnectionString.LoggingDataBase}'. Error: Failed to create LayoutRenderer with unknown type-alias: 'configsettings' - Verify type-alias and check extension is included.
 ---> NLog.NLogConfigurationException: Failed to create LayoutRenderer with unknown type-alias: 'configsettings' - Verify type-alias and check extension is included.
   at NLog.Config.FactoryExtensions.CreateInstance[TBaseType](IFactory`1 factory, String typeAlias)
   at NLog.Layouts.LayoutParser.GetLayoutRenderer(String typeName, ConfigurationItemFactory configurationItemFactory, Nullable`1 throwConfigExceptions)
   at NLog.Layouts.LayoutParser.ParseLayoutRenderer(ConfigurationItemFactory configurationItemFactory, SimpleStringReader stringReader, Nullable`1 throwConfigExceptions)
   at NLog.Layouts.LayoutParser.CompileLayout(ConfigurationItemFactory configurationItemFactory, SimpleStringReader sr, Nullable`1 throwConfigExceptions, Boolean isNested, String& text)
   at NLog.Layouts.LayoutParser.CompileLayout(String value, ConfigurationItemFactory configurationItemFactory, Nullable`1 throwConfigExceptions, String& text)
   at NLog.Layouts.SimpleLayout.SetLayoutText(String value, Nullable`1 throwConfigExceptions)
   at NLog.Layouts.SimpleLayout..ctor(String txt, ConfigurationItemFactory configurationItemFactory, Nullable`1 throwConfigExceptions)
   at NLog.Layouts.SimpleLayout..ctor(String txt, ConfigurationItemFactory configurationItemFactory)
   at NLog.Internal.PropertyHelper.TryParseLayoutValue(String stringValue, ConfigurationItemFactory configurationItemFactory)
   at NLog.Internal.PropertyHelper.TryNLogSpecificConversion(Type propertyType, String value, ConfigurationItemFactory configurationItemFactory, Object& newValue)
   at NLog.Internal.PropertyHelper.SetPropertyFromString(Object targetObject, PropertyInfo propInfo, String stringValue, ConfigurationItemFactory configurationItemFactory)
   --- End of inner exception stack trace ---
   at NLog.Internal.PropertyHelper.SetPropertyFromString(Object targetObject, PropertyInfo propInfo, String stringValue, ConfigurationItemFactory configurationItemFactory)
   at NLog.Config.LoggingConfigurationParser.SetPropertyValueFromString[T](T targetObject, String propertyName, String propertyValue, ValidatedConfigurationElement element)
   at NLog.Config.LoggingConfigurationParser.ConfigureObjectFromAttributes[T](T targetObject, ValidatedConfigurationElement element, Boolean ignoreType)
   at NLog.Config.LoggingConfigurationParser.ParseTargetElement(Target target, ValidatedConfigurationElement targetElement, Dictionary`2 typeNameToDefaultTargetParameters)
   at NLog.Config.LoggingConfigurationParser.AddNewTargetFromConfig(String targetTypeName, ValidatedConfigurationElement targetElement, Boolean asyncWrap, Dictionary`2 typeNameToDefaultTargetParameters, ValidatedConfigurationElement defaultWrapperElement)
   at NLog.Config.LoggingConfigurationParser.ParseTargetsElement(ValidatedConfigurationElement targetsElement)
   at NLog.Config.LoggingConfigurationParser.ParseNLogSection(ILoggingConfigurationElement configSection)
   at NLog.Config.XmlLoggingConfiguration.ParseNLogSection(ILoggingConfigurationElement configSection)
   at NLog.Config.LoggingConfigurationParser.LoadConfig(ILoggingConfigurationElement nlogConfig, String basePath)
   at NLog.Config.XmlLoggingConfiguration.ParseNLogElement(ILoggingConfigurationElement nlogElement, String filePath, Boolean autoReloadDefault)
   at NLog.Config.XmlLoggingConfiguration.ParseTopLevel(XmlLoggingConfigurationElement content, String filePath, Boolean autoReloadDefault)
   at NLog.Config.XmlLoggingConfiguration.Initialize(XmlReader reader, String fileName, Boolean ignoreErrors)
2024-09-04 08:55:04.1876 Error Error has been raised. Exception: NLog.NLogConfigurationException: Exception when loading configuration C:\Repos\SelfProjectApi\SelfProjectApi\bin\Development\net8.0\nlog.config
 ---> NLog.NLogConfigurationException: 'DatabaseTarget' cannot assign property 'ConnectionString'='${configsettings:name=ConnectionString.LoggingDataBase}'. Error: Failed to create LayoutRenderer with unknown type-alias: 'configsettings' - Verify type-alias and check extension is included.
 ---> NLog.NLogConfigurationException: Failed to create LayoutRenderer with unknown type-alias: 'configsettings' - Verify type-alias and check extension is included.
   at NLog.Config.FactoryExtensions.CreateInstance[TBaseType](IFactory`1 factory, String typeAlias)
   at NLog.Layouts.LayoutParser.GetLayoutRenderer(String typeName, ConfigurationItemFactory configurationItemFactory, Nullable`1 throwConfigExceptions)
   at NLog.Layouts.LayoutParser.ParseLayoutRenderer(ConfigurationItemFactory configurationItemFactory, SimpleStringReader stringReader, Nullable`1 throwConfigExceptions)
   at NLog.Layouts.LayoutParser.CompileLayout(ConfigurationItemFactory configurationItemFactory, SimpleStringReader sr, Nullable`1 throwConfigExceptions, Boolean isNested, String& text)
   at NLog.Layouts.LayoutParser.CompileLayout(String value, ConfigurationItemFactory configurationItemFactory, Nullable`1 throwConfigExceptions, String& text)
   at NLog.Layouts.SimpleLayout.SetLayoutText(String value, Nullable`1 throwConfigExceptions)
   at NLog.Layouts.SimpleLayout..ctor(String txt, ConfigurationItemFactory configurationItemFactory, Nullable`1 throwConfigExceptions)
   at NLog.Layouts.SimpleLayout..ctor(String txt, ConfigurationItemFactory configurationItemFactory)
   at NLog.Internal.PropertyHelper.TryParseLayoutValue(String stringValue, ConfigurationItemFactory configurationItemFactory)
   at NLog.Internal.PropertyHelper.TryNLogSpecificConversion(Type propertyType, String value, ConfigurationItemFactory configurationItemFactory, Object& newValue)
   at NLog.Internal.PropertyHelper.SetPropertyFromString(Object targetObject, PropertyInfo propInfo, String stringValue, ConfigurationItemFactory configurationItemFactory)
   --- End of inner exception stack trace ---
   at NLog.Internal.PropertyHelper.SetPropertyFromString(Object targetObject, PropertyInfo propInfo, String stringValue, ConfigurationItemFactory configurationItemFactory)
   at NLog.Config.LoggingConfigurationParser.SetPropertyValueFromString[T](T targetObject, String propertyName, String propertyValue, ValidatedConfigurationElement element)
   at NLog.Config.LoggingConfigurationParser.ConfigureObjectFromAttributes[T](T targetObject, ValidatedConfigurationElement element, Boolean ignoreType)
   at NLog.Config.LoggingConfigurationParser.ParseTargetElement(Target target, ValidatedConfigurationElement targetElement, Dictionary`2 typeNameToDefaultTargetParameters)
   at NLog.Config.LoggingConfigurationParser.AddNewTargetFromConfig(String targetTypeName, ValidatedConfigurationElement targetElement, Boolean asyncWrap, Dictionary`2 typeNameToDefaultTargetParameters, ValidatedConfigurationElement defaultWrapperElement)
   at NLog.Config.LoggingConfigurationParser.ParseTargetsElement(ValidatedConfigurationElement targetsElement)
   at NLog.Config.LoggingConfigurationParser.ParseNLogSection(ILoggingConfigurationElement configSection)
   at NLog.Config.XmlLoggingConfiguration.ParseNLogSection(ILoggingConfigurationElement configSection)
   at NLog.Config.LoggingConfigurationParser.LoadConfig(ILoggingConfigurationElement nlogConfig, String basePath)
   at NLog.Config.XmlLoggingConfiguration.ParseNLogElement(ILoggingConfigurationElement nlogElement, String filePath, Boolean autoReloadDefault)
   at NLog.Config.XmlLoggingConfiguration.ParseTopLevel(XmlLoggingConfigurationElement content, String filePath, Boolean autoReloadDefault)
   at NLog.Config.XmlLoggingConfiguration.Initialize(XmlReader reader, String fileName, Boolean ignoreErrors)
   --- End of inner exception stack trace ---
   at NLog.Config.XmlLoggingConfiguration.Initialize(XmlReader reader, String fileName, Boolean ignoreErrors)
   at NLog.Config.XmlLoggingConfiguration..ctor(XmlReader reader, String fileName, LogFactory logFactory)
   at NLog.Config.LoggingConfigurationFileLoader.LoadXmlLoggingConfiguration(XmlReader xmlReader, String configFile, LogFactory logFactory)
2024-09-04 08:55:04.1876 Error Failed loading from config file location: C:\Repos\SelfProjectApi\SelfProjectApi\bin\Development\net8.0\nlog.config Exception: NLog.NLogConfigurationException: Exception when loading configuration C:\Repos\SelfProjectApi\SelfProjectApi\bin\Development\net8.0\nlog.config
 ---> NLog.NLogConfigurationException: 'DatabaseTarget' cannot assign property 'ConnectionString'='${configsettings:name=ConnectionString.LoggingDataBase}'. Error: Failed to create LayoutRenderer with unknown type-alias: 'configsettings' - Verify type-alias and check extension is included.
 ---> NLog.NLogConfigurationException: Failed to create LayoutRenderer with unknown type-alias: 'configsettings' - Verify type-alias and check extension is included.
   at NLog.Config.FactoryExtensions.CreateInstance[TBaseType](IFactory`1 factory, String typeAlias)
   at NLog.Layouts.LayoutParser.GetLayoutRenderer(String typeName, ConfigurationItemFactory configurationItemFactory, Nullable`1 throwConfigExceptions)
   at NLog.Layouts.LayoutParser.ParseLayoutRenderer(ConfigurationItemFactory configurationItemFactory, SimpleStringReader stringReader, Nullable`1 throwConfigExceptions)
   at NLog.Layouts.LayoutParser.CompileLayout(ConfigurationItemFactory configurationItemFactory, SimpleStringReader sr, Nullable`1 throwConfigExceptions, Boolean isNested, String& text)
   at NLog.Layouts.LayoutParser.CompileLayout(String value, ConfigurationItemFactory configurationItemFactory, Nullable`1 throwConfigExceptions, String& text)
   at NLog.Layouts.SimpleLayout.SetLayoutText(String value, Nullable`1 throwConfigExceptions)
   at NLog.Layouts.SimpleLayout..ctor(String txt, ConfigurationItemFactory configurationItemFactory, Nullable`1 throwConfigExceptions)
   at NLog.Layouts.SimpleLayout..ctor(String txt, ConfigurationItemFactory configurationItemFactory)
   at NLog.Internal.PropertyHelper.TryParseLayoutValue(String stringValue, ConfigurationItemFactory configurationItemFactory)
   at NLog.Internal.PropertyHelper.TryNLogSpecificConversion(Type propertyType, String value, ConfigurationItemFactory configurationItemFactory, Object& newValue)
   at NLog.Internal.PropertyHelper.SetPropertyFromString(Object targetObject, PropertyInfo propInfo, String stringValue, ConfigurationItemFactory configurationItemFactory)
   --- End of inner exception stack trace ---
   at NLog.Internal.PropertyHelper.SetPropertyFromString(Object targetObject, PropertyInfo propInfo, String stringValue, ConfigurationItemFactory configurationItemFactory)
   at NLog.Config.LoggingConfigurationParser.SetPropertyValueFromString[T](T targetObject, String propertyName, String propertyValue, ValidatedConfigurationElement element)
   at NLog.Config.LoggingConfigurationParser.ConfigureObjectFromAttributes[T](T targetObject, ValidatedConfigurationElement element, Boolean ignoreType)
   at NLog.Config.LoggingConfigurationParser.ParseTargetElement(Target target, ValidatedConfigurationElement targetElement, Dictionary`2 typeNameToDefaultTargetParameters)
   at NLog.Config.LoggingConfigurationParser.AddNewTargetFromConfig(String targetTypeName, ValidatedConfigurationElement targetElement, Boolean asyncWrap, Dictionary`2 typeNameToDefaultTargetParameters, ValidatedConfigurationElement defaultWrapperElement)
   at NLog.Config.LoggingConfigurationParser.ParseTargetsElement(ValidatedConfigurationElement targetsElement)
   at NLog.Config.LoggingConfigurationParser.ParseNLogSection(ILoggingConfigurationElement configSection)
   at NLog.Config.XmlLoggingConfiguration.ParseNLogSection(ILoggingConfigurationElement configSection)
   at NLog.Config.LoggingConfigurationParser.LoadConfig(ILoggingConfigurationElement nlogConfig, String basePath)
   at NLog.Config.XmlLoggingConfiguration.ParseNLogElement(ILoggingConfigurationElement nlogElement, String filePath, Boolean autoReloadDefault)
   at NLog.Config.XmlLoggingConfiguration.ParseTopLevel(XmlLoggingConfigurationElement content, String filePath, Boolean autoReloadDefault)
   at NLog.Config.XmlLoggingConfiguration.Initialize(XmlReader reader, String fileName, Boolean ignoreErrors)
   --- End of inner exception stack trace ---
   at NLog.Config.XmlLoggingConfiguration.Initialize(XmlReader reader, String fileName, Boolean ignoreErrors)
   at NLog.Config.XmlLoggingConfiguration..ctor(XmlReader reader, String fileName, LogFactory logFactory)
   at NLog.Config.LoggingConfigurationFileLoader.LoadXmlLoggingConfiguration(XmlReader xmlReader, String configFile, LogFactory logFactory)
   at NLog.Config.LoggingConfigurationFileLoader.LoadXmlLoggingConfigurationFile(LogFactory logFactory, String configFile)
   at NLog.Config.LoggingConfigurationFileLoader.TryLoadLoggingConfiguration(LogFactory logFactory, String configFile, LoggingConfiguration& config)
